<?xml version="1.0" encoding="UTF-8"?>
<!-- Generated by org.testng.reporters.JUnitReportReporter -->
<testsuite hostname="DESKTOP-EHNLCK4" failures="0" tests="1" name="javaPackage.ProfileUpload" time="86.856" errors="0" timestamp="2024-08-07T00:21:01 IST" skipped="0">
  <testcase classname="javaPackage.ProfileUpload" name="login" time="86.856"/>
  <system-out/>
</testsuite> <!-- javaPackage.ProfileUpload -->
