<?xml version="1.0" encoding="UTF-8"?>
<!-- Generated by org.testng.reporters.JUnitReportReporter -->
<testsuite hostname="DESKTOP-EHNLCK4" failures="0" tests="4" name="javaPackage.TestNG2" time="0.008" errors="0" timestamp="2024-05-30T14:32:34 IST" skipped="0">
  <testcase classname="javaPackage.TestNG2" name="z" time="0.005"/>
  <system-out/>
  <testcase classname="javaPackage.TestNG2" name="a29" time="0.001"/>
  <system-out/>
  <testcase classname="javaPackage.TestNG2" name="ab" time="0.001"/>
  <system-out/>
  <testcase classname="javaPackage.TestNG2" name="a3" time="0.001"/>
  <system-out/>
</testsuite> <!-- javaPackage.TestNG2 -->
