<?xml version="1.0" encoding="UTF-8"?>
<!-- Generated by org.testng.reporters.JUnitReportReporter -->
<testsuite hostname="DESKTOP-EHNLCK4" failures="0" tests="4" name="javaPackage.TestNG3" time="0.021" errors="0" timestamp="2024-05-30T14:32:34 IST" skipped="0">
  <testcase classname="javaPackage.TestNG3" name="c" time="0.004"/>
  <system-out/>
  <testcase classname="javaPackage.TestNG3" name="b" time="0.002"/>
  <system-out/>
  <testcase classname="javaPackage.TestNG3" name="d" time="0.006"/>
  <system-out/>
  <testcase classname="javaPackage.TestNG3" name="a" time="0.009"/>
  <system-out/>
</testsuite> <!-- javaPackage.TestNG3 -->
