<?xml version="1.0" encoding="UTF-8"?>
<!-- Generated by org.testng.reporters.JUnitReportReporter -->
<testsuite hostname="DESKTOP-EHNLCK4" failures="0" tests="1" name="javaPackage.NaukriProfile" time="29.427" errors="0" timestamp="2024-06-15T00:38:38 IST" skipped="0">
  <testcase classname="javaPackage.NaukriProfile" name="login" time="29.427"/>
  <system-out/>
</testsuite> <!-- javaPackage.NaukriProfile -->
