<?xml version="1.0" encoding="UTF-8"?>
<!-- Generated by org.testng.reporters.JUnitReportReporter -->
<testsuite hostname="DESKTOP-EHNLCK4" failures="0" tests="3" name="javaPackage.TestNG5" time="0.010" errors="0" timestamp="2024-05-30T14:32:34 IST" skipped="0">
  <testcase classname="javaPackage.TestNG5" name="b" time="0.006"/>
  <system-out/>
  <testcase classname="javaPackage.TestNG5" name="b" time="0.002"/>
  <system-out/>
  <testcase classname="javaPackage.TestNG5" name="a" time="0.002"/>
  <system-out/>
</testsuite> <!-- javaPackage.TestNG5 -->
