<?xml version="1.0" encoding="UTF-8"?>
<!-- Generated by org.testng.reporters.JUnitReportReporter -->
<testsuite hostname="DESKTOP-EHNLCK4" failures="0" tests="1" name="javaPackage.ProfilePic" time="105.889" errors="0" timestamp="2024-06-11T18:26:15 IST" skipped="0">
  <testcase classname="javaPackage.ProfilePic" name="login" time="105.889"/>
  <system-out/>
</testsuite> <!-- javaPackage.ProfilePic -->
