<?xml version="1.0" encoding="UTF-8"?>
<!-- Generated by org.testng.reporters.JUnitReportReporter -->
<testsuite hostname="DESKTOP-EHNLCK4" failures="0" tests="6" name="javaPackage.TestNG4" time="0.019" errors="0" timestamp="2024-05-30T14:32:34 IST" skipped="2">
  <testcase classname="javaPackage.TestNG4" name="f" time="0.006"/>
  <system-out/>
  <testcase classname="javaPackage.TestNG4" name="c" time="0.007"/>
  <system-out/>
  <testcase classname="javaPackage.TestNG4" name="d" time="0.002"/>
  <system-out/>
  <testcase classname="javaPackage.TestNG4" name="d" time="0.002"/>
  <system-out/>
  <testcase classname="javaPackage.TestNG4" name="g" time="0.002">
    <skipped/>
  </testcase> <!-- g -->
  <system-out/>
  <testcase classname="javaPackage.TestNG4" name="b">
    <skipped/>
  </testcase> <!-- b -->
  <system-out/>
</testsuite> <!-- javaPackage.TestNG4 -->
