<?xml version="1.0" encoding="UTF-8"?>
<!-- Generated by org.testng.reporters.JUnitReportReporter -->
<testsuite hostname="DESKTOP-EHNLCK4" failures="0" tests="1" name="javaPackage.ProfilePic2" time="77.878" errors="0" timestamp="2024-06-14T17:29:36 IST" skipped="0">
  <testcase classname="javaPackage.ProfilePic2" name="login" time="77.878"/>
  <system-out/>
</testsuite> <!-- javaPackage.ProfilePic2 -->
