<?xml version="1.0" encoding="UTF-8"?>
<!-- Generated by org.testng.reporters.JUnitReportReporter -->
<testsuite hostname="DESKTOP-EHNLCK4" failures="0" tests="2" name="javaPackage.TestNG1" time="0.010" errors="0" timestamp="2024-05-30T14:32:34 IST" skipped="0">
  <testcase classname="javaPackage.TestNG1" name="a1" time="0.007"/>
  <system-out/>
  <testcase classname="javaPackage.TestNG1" name="a2" time="0.003"/>
  <system-out/>
</testsuite> <!-- javaPackage.TestNG1 -->
